        -:    0:Source:/Library/Developer/CommandLineTools/SDKs/MacOSX15.0.sdk/usr/include/c++/v1/__memory/construct_at.h
        -:    0:Graph:/Users/doeshing/temp/untitled2/cmake-build-default/googletest/googletest/CMakeFiles/gtest.dir/src/gtest-all.cc.gcno
        -:    0:Data:/Users/doeshing/temp/untitled2/cmake-build-default/googletest/googletest/CMakeFiles/gtest.dir/src/gtest-all.cc.gcda
        -:    0:Runs:1
        -:    0:Programs:1
        -:    1:// -*- C++ -*-
        -:    2://===----------------------------------------------------------------------===//
        -:    3://
        -:    4:// Part of the LLVM Project, under the Apache License v2.0 with LLVM Exceptions.
        -:    5:// See https://llvm.org/LICENSE.txt for license information.
        -:    6:// SPDX-License-Identifier: Apache-2.0 WITH LLVM-exception
        -:    7://
        -:    8://===----------------------------------------------------------------------===//
        -:    9:
        -:   10:#ifndef _LIBCPP___MEMORY_CONSTRUCT_AT_H
        -:   11:#define _LIBCPP___MEMORY_CONSTRUCT_AT_H
        -:   12:
        -:   13:#include <__assert>
        -:   14:#include <__config>
        -:   15:#include <__iterator/access.h>
        -:   16:#include <__memory/addressof.h>
        -:   17:#include <__memory/voidify.h>
        -:   18:#include <__type_traits/enable_if.h>
        -:   19:#include <__type_traits/is_array.h>
        -:   20:#include <__utility/declval.h>
        -:   21:#include <__utility/forward.h>
        -:   22:#include <__utility/move.h>
        -:   23:#include <new>
        -:   24:
        -:   25:#if !defined(_LIBCPP_HAS_NO_PRAGMA_SYSTEM_HEADER)
        -:   26:#  pragma GCC system_header
        -:   27:#endif
        -:   28:
        -:   29:_LIBCPP_PUSH_MACROS
        -:   30:#include <__undef_macros>
        -:   31:
        -:   32:_LIBCPP_BEGIN_NAMESPACE_STD
        -:   33:
        -:   34:// construct_at
        -:   35:
        -:   36:#if _LIBCPP_STD_VER >= 20
        -:   37:
        -:   38:template <class _Tp, class... _Args, class = decltype(::new(std::declval<void*>()) _Tp(std::declval<_Args>()...))>
function _ZNSt3__112construct_atB8ne180100INS_12basic_stringIcNS_11char_traitsIcEENS_9allocatorIcEEEEJRKS6_EPS6_EEPT_SB_DpOT0_ called 0 returned 0% blocks executed 0%
function _ZNSt3__112construct_atB8ne180100INS_12basic_stringIcNS_11char_traitsIcEENS_9allocatorIcEEEEJS6_EPS6_EEPT_S9_DpOT0_ called 34 returned 100% blocks executed 100%
function _ZNSt3__112construct_atB8ne180100IPcJS1_EPS1_EEPT_S4_DpOT0_ called 0 returned 0% blocks executed 0%
function _ZNSt3__112construct_atB8ne180100INS_12basic_stringIcNS_11char_traitsIcEENS_9allocatorIcEEEEJRS6_EPS6_EEPT_SA_DpOT0_ called 3 returned 100% blocks executed 100%
function _ZNSt3__112construct_atB8ne180100IN7testing14TestPartResultEJRKS2_EPS2_EEPT_S7_DpOT0_ called 0 returned 0% blocks executed 0%
function _ZNSt3__112construct_atB8ne180100IN7testing14TestPartResultEJS2_EPS2_EEPT_S5_DpOT0_ called 0 returned 0% blocks executed 0%
function _ZNSt3__112construct_atB8ne180100INS_11__hash_nodeINS_12basic_stringIcNS_11char_traitsIcEENS_9allocatorIcEEEEPvEEJDnRmEPS9_EEPT_SD_DpOT0_ called 1 returned 100% blocks executed 100%
function _ZNSt3__112construct_atB8ne180100IdJEPdEEPT_S3_DpOT0_ called 0 returned 0% blocks executed 0%
function _ZNSt3__112construct_atB8ne180100INS_6vectorIdNS_9allocatorIdEEEEJRKS4_EPS4_EEPT_S9_DpOT0_ called 0 returned 0% blocks executed 0%
function _ZNSt3__112construct_atB8ne180100IN7testing8internal13edit_distance8EditTypeEJEPS4_EEPT_S7_DpOT0_ called 0 returned 0% blocks executed 0%
function _ZNSt3__112construct_atB8ne180100INS_6vectorIN7testing8internal13edit_distance8EditTypeENS_9allocatorIS5_EEEEJRKS8_EPS8_EEPT_SD_DpOT0_ called 0 returned 0% blocks executed 0%
function _ZNSt3__112construct_atB8ne180100IN7testing8internal13edit_distance8EditTypeEJRKS4_EPS4_EEPT_S9_DpOT0_ called 0 returned 0% blocks executed 0%
function _ZNSt3__112construct_atB8ne180100ImJmEPmEEPT_S3_DpOT0_ called 0 returned 0% blocks executed 0%
function _ZNSt3__112construct_atB8ne180100INS_4pairIKNS_12basic_stringIcNS_11char_traitsIcEENS_9allocatorIcEEEEmEEJRKNS_21piecewise_construct_tENS_5tupleIJRS8_EEENSD_IJEEEEPS9_EEPT_SJ_DpOT0_ called 0 returned 0% blocks executed 0%
function _ZNSt3__112construct_atB8ne180100INS_11__list_nodeINS_4pairIcPKcEEPvEEJRPNS_16__list_node_baseIS5_S6_EESB_EPS7_EEPT_SE_DpOT0_ called 0 returned 0% blocks executed 0%
function _ZNSt3__112construct_atB8ne180100INS_4pairIcPKcEEJS4_EPS4_EEPT_S7_DpOT0_ called 0 returned 0% blocks executed 0%
function _ZNSt3__112construct_atB8ne180100IN7testing12TestPropertyEJRKS2_EPS2_EEPT_S7_DpOT0_ called 0 returned 0% blocks executed 0%
function _ZNSt3__112construct_atB8ne180100IN7testing12TestPropertyEJS2_EPS2_EEPT_S5_DpOT0_ called 0 returned 0% blocks executed 0%
function _ZNSt3__112construct_atB8ne180100INS_12basic_stringIcNS_11char_traitsIcEENS_9allocatorIcEEEEJRKPKcEPS6_EEPT_SD_DpOT0_ called 0 returned 0% blocks executed 0%
function _ZNSt3__112construct_atB8ne180100IPN7testing8TestInfoEJRKS3_EPS3_EEPT_S8_DpOT0_ called 4 returned 100% blocks executed 100%
function _ZNSt3__112construct_atB8ne180100IiJiEPiEEPT_S3_DpOT0_ called 5 returned 100% blocks executed 100%
function _ZNSt3__112construct_atB8ne180100IPN7testing17TestEventListenerEJRKS3_EPS3_EEPT_S8_DpOT0_ called 1 returned 100% blocks executed 100%
function _ZNSt3__112construct_atB8ne180100IPN7testing11EnvironmentEJRKS3_EPS3_EEPT_S8_DpOT0_ called 0 returned 0% blocks executed 0%
function _ZNSt3__112construct_atB8ne180100IN7testing8internal9TraceInfoEJRKS3_EPS3_EEPT_S8_DpOT0_ called 0 returned 0% blocks executed 0%
function _ZNSt3__112construct_atB8ne180100IN7testing8internal9TraceInfoEJS3_EPS3_EEPT_S6_DpOT0_ called 0 returned 0% blocks executed 0%
function _ZNSt3__112construct_atB8ne180100IPN7testing9TestSuiteEJRKS3_EPS3_EEPT_S8_DpOT0_ called 1 returned 100% blocks executed 100%
function _ZNSt3__112construct_atB8ne180100IPN7testing9TestSuiteEJS3_EPS3_EEPT_S6_DpOT0_ called 0 returned 0% blocks executed 0%
function _ZNSt3__112construct_atB8ne180100INS_4pairIKNS_12basic_stringIcNS_11char_traitsIcEENS_9allocatorIcEEEEN7testing8internal34TypeParameterizedTestSuiteRegistry30TypeParameterizedTestSuiteInfoEEEJS7_SC_EPSD_EEPT_SG_DpOT0_ called 0 returned 0% blocks executed 0%
function _ZNSt3__112construct_atB8ne180100INS_11__hash_nodeINS_17__hash_value_typeINS_12basic_stringIcNS_11char_traitsIcEENS_9allocatorIcEEEEPN7testing9TestSuiteEEEPvEEJDnRmEPSE_EEPT_SI_DpOT0_ called 1 returned 100% blocks executed 100%
function _ZNSt3__112construct_atB8ne180100INS_4pairIKNS_12basic_stringIcNS_11char_traitsIcEENS_9allocatorIcEEEEPN7testing9TestSuiteEEEJRS8_RKSB_EPSC_EEPT_SI_DpOT0_ called 1 returned 100% blocks executed 100%
       51:   39:_LIBCPP_HIDE_FROM_ABI constexpr _Tp* construct_at(_Tp* __location, _Args&&... __args) {
        -:   40:  _LIBCPP_ASSERT_NON_NULL(__location != nullptr, "null pointer given to construct_at");
       51:   41:  return ::new (const_cast<void*>(static_cast<const volatile void*>(__location))) _Tp(std::forward<_Args>(__args)...);
    $$$$$:   41-block  0
       34:   41-block  1
    $$$$$:   41-block  2
        3:   41-block  3
    $$$$$:   41-block  4
    $$$$$:   41-block  5
        1:   41-block  6
    $$$$$:   41-block  7
    $$$$$:   41-block  8
    $$$$$:   41-block  9
    $$$$$:   41-block 10
    $$$$$:   41-block 11
    $$$$$:   41-block 12
    $$$$$:   41-block 13
    $$$$$:   41-block 14
    $$$$$:   41-block 15
    $$$$$:   41-block 16
    $$$$$:   41-block 17
    $$$$$:   41-block 18
        4:   41-block 19
        5:   41-block 20
        1:   41-block 21
    $$$$$:   41-block 22
    $$$$$:   41-block 23
    $$$$$:   41-block 24
        1:   41-block 25
    $$$$$:   41-block 26
    $$$$$:   41-block 27
        1:   41-block 28
        1:   41-block 29
        -:   42:}
        -:   43:
        -:   44:#endif
        -:   45:
        -:   46:template <class _Tp, class... _Args, class = decltype(::new(std::declval<void*>()) _Tp(std::declval<_Args>()...))>
function _ZNSt3__114__construct_atB8ne180100INS_12basic_stringIcNS_11char_traitsIcEENS_9allocatorIcEEEEJRKS6_EPS6_EEPT_SB_DpOT0_ called 0 returned 0% blocks executed 0%
function _ZNSt3__114__construct_atB8ne180100INS_12basic_stringIcNS_11char_traitsIcEENS_9allocatorIcEEEEJS6_EPS6_EEPT_S9_DpOT0_ called 34 returned 100% blocks executed 100%
function _ZNSt3__114__construct_atB8ne180100IPcJS1_EPS1_EEPT_S4_DpOT0_ called 0 returned 0% blocks executed 0%
function _ZNSt3__114__construct_atB8ne180100INS_12basic_stringIcNS_11char_traitsIcEENS_9allocatorIcEEEEJRS6_EPS6_EEPT_SA_DpOT0_ called 3 returned 100% blocks executed 100%
function _ZNSt3__114__construct_atB8ne180100IN7testing14TestPartResultEJRKS2_EPS2_EEPT_S7_DpOT0_ called 0 returned 0% blocks executed 0%
function _ZNSt3__114__construct_atB8ne180100IN7testing14TestPartResultEJS2_EPS2_EEPT_S5_DpOT0_ called 0 returned 0% blocks executed 0%
function _ZNSt3__114__construct_atB8ne180100INS_11__hash_nodeINS_12basic_stringIcNS_11char_traitsIcEENS_9allocatorIcEEEEPvEEJDnRmEPS9_EEPT_SD_DpOT0_ called 1 returned 100% blocks executed 100%
function _ZNSt3__114__construct_atB8ne180100IdJEPdEEPT_S3_DpOT0_ called 0 returned 0% blocks executed 0%
function _ZNSt3__114__construct_atB8ne180100INS_6vectorIdNS_9allocatorIdEEEEJRKS4_EPS4_EEPT_S9_DpOT0_ called 0 returned 0% blocks executed 0%
function _ZNSt3__114__construct_atB8ne180100IN7testing8internal13edit_distance8EditTypeEJEPS4_EEPT_S7_DpOT0_ called 0 returned 0% blocks executed 0%
function _ZNSt3__114__construct_atB8ne180100INS_6vectorIN7testing8internal13edit_distance8EditTypeENS_9allocatorIS5_EEEEJRKS8_EPS8_EEPT_SD_DpOT0_ called 0 returned 0% blocks executed 0%
function _ZNSt3__114__construct_atB8ne180100IN7testing8internal13edit_distance8EditTypeEJRKS4_EPS4_EEPT_S9_DpOT0_ called 0 returned 0% blocks executed 0%
function _ZNSt3__114__construct_atB8ne180100ImJmEPmEEPT_S3_DpOT0_ called 0 returned 0% blocks executed 0%
function _ZNSt3__114__construct_atB8ne180100INS_4pairIKNS_12basic_stringIcNS_11char_traitsIcEENS_9allocatorIcEEEEmEEJRKNS_21piecewise_construct_tENS_5tupleIJRS8_EEENSD_IJEEEEPS9_EEPT_SJ_DpOT0_ called 0 returned 0% blocks executed 0%
function _ZNSt3__114__construct_atB8ne180100INS_11__list_nodeINS_4pairIcPKcEEPvEEJRPNS_16__list_node_baseIS5_S6_EESB_EPS7_EEPT_SE_DpOT0_ called 0 returned 0% blocks executed 0%
function _ZNSt3__114__construct_atB8ne180100INS_4pairIcPKcEEJS4_EPS4_EEPT_S7_DpOT0_ called 0 returned 0% blocks executed 0%
function _ZNSt3__114__construct_atB8ne180100IN7testing12TestPropertyEJRKS2_EPS2_EEPT_S7_DpOT0_ called 0 returned 0% blocks executed 0%
function _ZNSt3__114__construct_atB8ne180100IN7testing12TestPropertyEJS2_EPS2_EEPT_S5_DpOT0_ called 0 returned 0% blocks executed 0%
function _ZNSt3__114__construct_atB8ne180100INS_12basic_stringIcNS_11char_traitsIcEENS_9allocatorIcEEEEJRKPKcEPS6_EEPT_SD_DpOT0_ called 0 returned 0% blocks executed 0%
function _ZNSt3__114__construct_atB8ne180100IPN7testing8TestInfoEJRKS3_EPS3_EEPT_S8_DpOT0_ called 4 returned 100% blocks executed 100%
function _ZNSt3__114__construct_atB8ne180100IiJiEPiEEPT_S3_DpOT0_ called 5 returned 100% blocks executed 100%
function _ZNSt3__114__construct_atB8ne180100IPN7testing17TestEventListenerEJRKS3_EPS3_EEPT_S8_DpOT0_ called 1 returned 100% blocks executed 100%
function _ZNSt3__114__construct_atB8ne180100IPN7testing11EnvironmentEJRKS3_EPS3_EEPT_S8_DpOT0_ called 0 returned 0% blocks executed 0%
function _ZNSt3__114__construct_atB8ne180100IN7testing8internal9TraceInfoEJRKS3_EPS3_EEPT_S8_DpOT0_ called 0 returned 0% blocks executed 0%
function _ZNSt3__114__construct_atB8ne180100IN7testing8internal9TraceInfoEJS3_EPS3_EEPT_S6_DpOT0_ called 0 returned 0% blocks executed 0%
function _ZNSt3__114__construct_atB8ne180100IPN7testing9TestSuiteEJRKS3_EPS3_EEPT_S8_DpOT0_ called 1 returned 100% blocks executed 100%
function _ZNSt3__114__construct_atB8ne180100IPN7testing9TestSuiteEJS3_EPS3_EEPT_S6_DpOT0_ called 0 returned 0% blocks executed 0%
function _ZNSt3__114__construct_atB8ne180100INS_4pairIKNS_12basic_stringIcNS_11char_traitsIcEENS_9allocatorIcEEEEN7testing8internal34TypeParameterizedTestSuiteRegistry30TypeParameterizedTestSuiteInfoEEEJS7_SC_EPSD_EEPT_SG_DpOT0_ called 0 returned 0% blocks executed 0%
function _ZNSt3__114__construct_atB8ne180100INS_11__hash_nodeINS_17__hash_value_typeINS_12basic_stringIcNS_11char_traitsIcEENS_9allocatorIcEEEEPN7testing9TestSuiteEEEPvEEJDnRmEPSE_EEPT_SI_DpOT0_ called 1 returned 100% blocks executed 100%
function _ZNSt3__114__construct_atB8ne180100INS_4pairIKNS_12basic_stringIcNS_11char_traitsIcEENS_9allocatorIcEEEEPN7testing9TestSuiteEEEJRS8_RKSB_EPSC_EEPT_SI_DpOT0_ called 1 returned 100% blocks executed 100%
       51:   47:_LIBCPP_HIDE_FROM_ABI _LIBCPP_CONSTEXPR _Tp* __construct_at(_Tp* __location, _Args&&... __args) {
        -:   48:#if _LIBCPP_STD_VER >= 20
       51:   49:  return std::construct_at(__location, std::forward<_Args>(__args)...);
    $$$$$:   49-block  0
       34:   49-block  1
    $$$$$:   49-block  2
        3:   49-block  3
    $$$$$:   49-block  4
    $$$$$:   49-block  5
        1:   49-block  6
    $$$$$:   49-block  7
    $$$$$:   49-block  8
    $$$$$:   49-block  9
    $$$$$:   49-block 10
    $$$$$:   49-block 11
    $$$$$:   49-block 12
    $$$$$:   49-block 13
    $$$$$:   49-block 14
    $$$$$:   49-block 15
    $$$$$:   49-block 16
    $$$$$:   49-block 17
    $$$$$:   49-block 18
        4:   49-block 19
        5:   49-block 20
        1:   49-block 21
    $$$$$:   49-block 22
    $$$$$:   49-block 23
    $$$$$:   49-block 24
        1:   49-block 25
    $$$$$:   49-block 26
    $$$$$:   49-block 27
        1:   49-block 28
        1:   49-block 29
        -:   50:#else
        -:   51:  return _LIBCPP_ASSERT_NON_NULL(__location != nullptr, "null pointer given to construct_at"),
        -:   52:         ::new (const_cast<void*>(static_cast<const volatile void*>(__location))) _Tp(std::forward<_Args>(__args)...);
        -:   53:#endif
        -:   54:}
        -:   55:
        -:   56:// destroy_at
        -:   57:
        -:   58:// The internal functions are available regardless of the language version (with the exception of the `__destroy_at`
        -:   59:// taking an array).
        -:   60:
        -:   61:template <class _ForwardIterator>
        -:   62:_LIBCPP_HIDE_FROM_ABI _LIBCPP_CONSTEXPR_SINCE_CXX20 _ForwardIterator __destroy(_ForwardIterator, _ForwardIterator);
        -:   63:
        -:   64:template <class _Tp, __enable_if_t<!is_array<_Tp>::value, int> = 0>
function _ZNSt3__112__destroy_atB8ne180100INS_12basic_stringIcNS_11char_traitsIcEENS_9allocatorIcEEEELi0EEEvPT_ called 0 returned 0% blocks executed 0%
function _ZNSt3__112__destroy_atB8ne180100IPcLi0EEEvPT_ called 0 returned 0% blocks executed 0%
function _ZNSt3__112__destroy_atB8ne180100IN7testing14TestPartResultELi0EEEvPT_ called 0 returned 0% blocks executed 0%
function _ZNSt3__112__destroy_atB8ne180100INS_11__hash_nodeINS_12basic_stringIcNS_11char_traitsIcEENS_9allocatorIcEEEEPvEELi0EEEvPT_ called 1 returned 100% blocks executed 100%
function _ZNSt3__112__destroy_atB8ne180100IdLi0EEEvPT_ called 0 returned 0% blocks executed 0%
function _ZNSt3__112__destroy_atB8ne180100INS_6vectorIdNS_9allocatorIdEEEELi0EEEvPT_ called 0 returned 0% blocks executed 0%
function _ZNSt3__112__destroy_atB8ne180100IN7testing8internal13edit_distance8EditTypeELi0EEEvPT_ called 0 returned 0% blocks executed 0%
function _ZNSt3__112__destroy_atB8ne180100INS_6vectorIN7testing8internal13edit_distance8EditTypeENS_9allocatorIS5_EEEELi0EEEvPT_ called 0 returned 0% blocks executed 0%
function _ZNSt3__112__destroy_atB8ne180100ImLi0EEEvPT_ called 0 returned 0% blocks executed 0%
function _ZNSt3__112__destroy_atB8ne180100INS_4pairIKNS_12basic_stringIcNS_11char_traitsIcEENS_9allocatorIcEEEEmEELi0EEEvPT_ called 0 returned 0% blocks executed 0%
function _ZNSt3__112__destroy_atB8ne180100INS_11__list_nodeINS_4pairIcPKcEEPvEELi0EEEvPT_ called 0 returned 0% blocks executed 0%
function _ZNSt3__112__destroy_atB8ne180100INS_4pairIcPKcEELi0EEEvPT_ called 0 returned 0% blocks executed 0%
function _ZNSt3__112__destroy_atB8ne180100IN7testing12TestPropertyELi0EEEvPT_ called 0 returned 0% blocks executed 0%
function _ZNSt3__112__destroy_atB8ne180100IiLi0EEEvPT_ called 0 returned 0% blocks executed 0%
function _ZNSt3__112__destroy_atB8ne180100IPN7testing8TestInfoELi0EEEvPT_ called 3 returned 100% blocks executed 100%
function _ZNSt3__112__destroy_atB8ne180100IPN7testing17TestEventListenerELi0EEEvPT_ called 0 returned 0% blocks executed 0%
function _ZNSt3__112__destroy_atB8ne180100IPN7testing11EnvironmentELi0EEEvPT_ called 0 returned 0% blocks executed 0%
function _ZNSt3__112__destroy_atB8ne180100IN7testing8internal9TraceInfoELi0EEEvPT_ called 0 returned 0% blocks executed 0%
function _ZNSt3__112__destroy_atB8ne180100INS_4pairIKNS_12basic_stringIcNS_11char_traitsIcEENS_9allocatorIcEEEEN7testing8internal34TypeParameterizedTestSuiteRegistry30TypeParameterizedTestSuiteInfoEEELi0EEEvPT_ called 0 returned 0% blocks executed 0%
function _ZNSt3__112__destroy_atB8ne180100INS_11__hash_nodeINS_17__hash_value_typeINS_12basic_stringIcNS_11char_traitsIcEENS_9allocatorIcEEEEmEEPvEELi0EEEvPT_ called 0 returned 0% blocks executed 0%
function _ZNSt3__112__destroy_atB8ne180100IPN7testing8internal30ParameterizedTestSuiteInfoBaseELi0EEEvPT_ called 0 returned 0% blocks executed 0%
function _ZNSt3__112__destroy_atB8ne180100IPN7testing9TestSuiteELi0EEEvPT_ called 0 returned 0% blocks executed 0%
function _ZNSt3__112__destroy_atB8ne180100INS_11__hash_nodeINS_17__hash_value_typeINS_12basic_stringIcNS_11char_traitsIcEENS_9allocatorIcEEEEPN7testing9TestSuiteEEEPvEELi0EEEvPT_ called 0 returned 0% blocks executed 0%
function _ZNSt3__112__destroy_atB8ne180100INS_4pairIKNS_12basic_stringIcNS_11char_traitsIcEENS_9allocatorIcEEEEPN7testing9TestSuiteEEELi0EEEvPT_ called 0 returned 0% blocks executed 0%
        4:   65:_LIBCPP_HIDE_FROM_ABI _LIBCPP_CONSTEXPR_SINCE_CXX20 void __destroy_at(_Tp* __loc) {
        -:   66:  _LIBCPP_ASSERT_NON_NULL(__loc != nullptr, "null pointer given to destroy_at");
        4:   67:  __loc->~_Tp();
        4:   68:}
    $$$$$:   68-block  0
    $$$$$:   68-block  1
    $$$$$:   68-block  2
        1:   68-block  3
    $$$$$:   68-block  4
    $$$$$:   68-block  5
    $$$$$:   68-block  6
    $$$$$:   68-block  7
    $$$$$:   68-block  8
    $$$$$:   68-block  9
    $$$$$:   68-block 10
    $$$$$:   68-block 11
    $$$$$:   68-block 12
    $$$$$:   68-block 13
        3:   68-block 14
    $$$$$:   68-block 15
    $$$$$:   68-block 16
    $$$$$:   68-block 17
    $$$$$:   68-block 18
    $$$$$:   68-block 19
    $$$$$:   68-block 20
    $$$$$:   68-block 21
    $$$$$:   68-block 22
    $$$$$:   68-block 23
        -:   69:
        -:   70:#if _LIBCPP_STD_VER >= 20
        -:   71:template <class _Tp, __enable_if_t<is_array<_Tp>::value, int> = 0>
        -:   72:_LIBCPP_HIDE_FROM_ABI _LIBCPP_CONSTEXPR_SINCE_CXX20 void __destroy_at(_Tp* __loc) {
        -:   73:  _LIBCPP_ASSERT_NON_NULL(__loc != nullptr, "null pointer given to destroy_at");
        -:   74:  std::__destroy(std::begin(*__loc), std::end(*__loc));
        -:   75:}
        -:   76:#endif
        -:   77:
        -:   78:template <class _ForwardIterator>
        -:   79:_LIBCPP_HIDE_FROM_ABI _LIBCPP_CONSTEXPR_SINCE_CXX20 _ForwardIterator
        -:   80:__destroy(_ForwardIterator __first, _ForwardIterator __last) {
        -:   81:  for (; __first != __last; ++__first)
        -:   82:    std::__destroy_at(std::addressof(*__first));
        -:   83:  return __first;
        -:   84:}
        -:   85:
        -:   86:template <class _BidirectionalIterator>
        -:   87:_LIBCPP_HIDE_FROM_ABI _LIBCPP_CONSTEXPR_SINCE_CXX20 _BidirectionalIterator
        -:   88:__reverse_destroy(_BidirectionalIterator __first, _BidirectionalIterator __last) {
        -:   89:  while (__last != __first) {
        -:   90:    --__last;
        -:   91:    std::__destroy_at(std::addressof(*__last));
        -:   92:  }
        -:   93:  return __last;
        -:   94:}
        -:   95:
        -:   96:#if _LIBCPP_STD_VER >= 17
        -:   97:
        -:   98:template <class _Tp, enable_if_t<!is_array_v<_Tp>, int> = 0>
        -:   99:_LIBCPP_HIDE_FROM_ABI _LIBCPP_CONSTEXPR_SINCE_CXX20 void destroy_at(_Tp* __loc) {
        -:  100:  std::__destroy_at(__loc);
        -:  101:}
        -:  102:
        -:  103:#  if _LIBCPP_STD_VER >= 20
        -:  104:template <class _Tp, enable_if_t<is_array_v<_Tp>, int> = 0>
        -:  105:_LIBCPP_HIDE_FROM_ABI _LIBCPP_CONSTEXPR_SINCE_CXX20 void destroy_at(_Tp* __loc) {
        -:  106:  std::__destroy_at(__loc);
        -:  107:}
        -:  108:#  endif
        -:  109:
        -:  110:template <class _ForwardIterator>
        -:  111:_LIBCPP_HIDE_FROM_ABI _LIBCPP_CONSTEXPR_SINCE_CXX20 void destroy(_ForwardIterator __first, _ForwardIterator __last) {
        -:  112:  (void)std::__destroy(std::move(__first), std::move(__last));
        -:  113:}
        -:  114:
        -:  115:template <class _ForwardIterator, class _Size>
        -:  116:_LIBCPP_HIDE_FROM_ABI _LIBCPP_CONSTEXPR_SINCE_CXX20 _ForwardIterator destroy_n(_ForwardIterator __first, _Size __n) {
        -:  117:  for (; __n > 0; (void)++__first, --__n)
        -:  118:    std::__destroy_at(std::addressof(*__first));
        -:  119:  return __first;
        -:  120:}
        -:  121:
        -:  122:#endif // _LIBCPP_STD_VER >= 17
        -:  123:
        -:  124:_LIBCPP_END_NAMESPACE_STD
        -:  125:
        -:  126:_LIBCPP_POP_MACROS
        -:  127:
        -:  128:#endif // _LIBCPP___MEMORY_CONSTRUCT_AT_H
