        -:    0:Source:/Library/Developer/CommandLineTools/SDKs/MacOSX15.0.sdk/usr/include/c++/v1/__algorithm/unwrap_range.h
        -:    0:Graph:/Users/doeshing/temp/untitled2/cmake-build-default/googletest/googletest/CMakeFiles/gtest.dir/src/gtest-all.cc.gcno
        -:    0:Data:/Users/doeshing/temp/untitled2/cmake-build-default/googletest/googletest/CMakeFiles/gtest.dir/src/gtest-all.cc.gcda
        -:    0:Runs:1
        -:    0:Programs:1
        -:    1://===----------------------------------------------------------------------===//
        -:    2://
        -:    3:// Part of the LLVM Project, under the Apache License v2.0 with LLVM Exceptions.
        -:    4:// See https://llvm.org/LICENSE.txt for license information.
        -:    5:// SPDX-License-Identifier: Apache-2.0 WITH LLVM-exception
        -:    6://
        -:    7://===----------------------------------------------------------------------===//
        -:    8:
        -:    9:#ifndef _LIBCPP___ALGORITHM_UNWRAP_RANGE_H
        -:   10:#define _LIBCPP___ALGORITHM_UNWRAP_RANGE_H
        -:   11:
        -:   12:#include <__algorithm/unwrap_iter.h>
        -:   13:#include <__concepts/constructible.h>
        -:   14:#include <__config>
        -:   15:#include <__iterator/concepts.h>
        -:   16:#include <__iterator/next.h>
        -:   17:#include <__utility/declval.h>
        -:   18:#include <__utility/move.h>
        -:   19:#include <__utility/pair.h>
        -:   20:
        -:   21:#if !defined(_LIBCPP_HAS_NO_PRAGMA_SYSTEM_HEADER)
        -:   22:#  pragma GCC system_header
        -:   23:#endif
        -:   24:
        -:   25:_LIBCPP_PUSH_MACROS
        -:   26:#include <__undef_macros>
        -:   27:
        -:   28:_LIBCPP_BEGIN_NAMESPACE_STD
        -:   29:
        -:   30:// __unwrap_range and __rewrap_range are used to unwrap ranges which may have different iterator and sentinel types.
        -:   31:// __unwrap_iter and __rewrap_iter don't work for this, because they assume that the iterator and sentinel have
        -:   32:// the same type. __unwrap_range tries to get two iterators and then forward to __unwrap_iter.
        -:   33:
        -:   34:#if _LIBCPP_STD_VER >= 20
        -:   35:template <class _Iter, class _Sent>
        -:   36:struct __unwrap_range_impl {
        -:   37:  _LIBCPP_HIDE_FROM_ABI static constexpr auto __unwrap(_Iter __first, _Sent __sent)
        -:   38:    requires random_access_iterator<_Iter> && sized_sentinel_for<_Sent, _Iter>
        -:   39:  {
        -:   40:    auto __last = ranges::next(__first, __sent);
        -:   41:    return pair{std::__unwrap_iter(std::move(__first)), std::__unwrap_iter(std::move(__last))};
        -:   42:  }
        -:   43:
        -:   44:  _LIBCPP_HIDE_FROM_ABI static constexpr auto __unwrap(_Iter __first, _Sent __last) {
        -:   45:    return pair{std::move(__first), std::move(__last)};
        -:   46:  }
        -:   47:
        -:   48:  _LIBCPP_HIDE_FROM_ABI static constexpr auto
        -:   49:  __rewrap(_Iter __orig_iter, decltype(std::__unwrap_iter(std::move(__orig_iter))) __iter)
        -:   50:    requires random_access_iterator<_Iter> && sized_sentinel_for<_Sent, _Iter>
        -:   51:  {
        -:   52:    return std::__rewrap_iter(std::move(__orig_iter), std::move(__iter));
        -:   53:  }
        -:   54:
        -:   55:  _LIBCPP_HIDE_FROM_ABI static constexpr auto __rewrap(const _Iter&, _Iter __iter)
        -:   56:    requires(!(random_access_iterator<_Iter> && sized_sentinel_for<_Sent, _Iter>))
        -:   57:  {
        -:   58:    return __iter;
        -:   59:  }
        -:   60:};
        -:   61:
        -:   62:template <class _Iter>
        -:   63:struct __unwrap_range_impl<_Iter, _Iter> {
function _ZNSt3__119__unwrap_range_implINS_16reverse_iteratorIPPcEES4_E8__unwrapB8ne180100ES4_S4_ called 0 returned 0% blocks executed 0%
function _ZNSt3__119__unwrap_range_implIPKcS2_E8__unwrapB8ne180100ES2_S2_ called 10 returned 100% blocks executed 100%
function _ZNSt3__119__unwrap_range_implIPNS_12basic_stringIcNS_11char_traitsIcEENS_9allocatorIcEEEES7_E8__unwrapB8ne180100ES7_S7_ called 1 returned 100% blocks executed 100%
function _ZNSt3__119__unwrap_range_implINS_11__wrap_iterIPKNS_12basic_stringIcNS_11char_traitsIcEENS_9allocatorIcEEEEEESA_E8__unwrapB8ne180100ESA_SA_ called 0 returned 0% blocks executed 0%
function _ZNSt3__119__unwrap_range_implINS_11__wrap_iterIPNS_12basic_stringIcNS_11char_traitsIcEENS_9allocatorIcEEEEEES9_E8__unwrapB8ne180100ES9_S9_ called 0 returned 0% blocks executed 0%
function _ZNSt3__119__unwrap_range_implIPdS1_E8__unwrapB8ne180100ES1_S1_ called 0 returned 0% blocks executed 0%
function _ZNSt3__119__unwrap_range_implIPN7testing8internal13edit_distance8EditTypeES5_E8__unwrapB8ne180100ES5_S5_ called 0 returned 0% blocks executed 0%
function _ZNSt3__119__unwrap_range_implINS_16reverse_iteratorIPN7testing8internal13edit_distance8EditTypeEEES7_E8__unwrapB8ne180100ES7_S7_ called 0 returned 0% blocks executed 0%
function _ZNSt3__119__unwrap_range_implINS_16reverse_iteratorIPmEES3_E8__unwrapB8ne180100ES3_S3_ called 0 returned 0% blocks executed 0%
function _ZNSt3__119__unwrap_range_implIPKPKcS4_E8__unwrapB8ne180100ES4_S4_ called 0 returned 0% blocks executed 0%
function _ZNSt3__119__unwrap_range_implINS_16reverse_iteratorIPPN7testing8TestInfoEEES6_E8__unwrapB8ne180100ES6_S6_ called 4 returned 100% blocks executed 100%
function _ZNSt3__119__unwrap_range_implINS_16reverse_iteratorIPiEES3_E8__unwrapB8ne180100ES3_S3_ called 5 returned 100% blocks executed 100%
function _ZNSt3__119__unwrap_range_implINS_16reverse_iteratorIPPN7testing17TestEventListenerEEES6_E8__unwrapB8ne180100ES6_S6_ called 1 returned 100% blocks executed 100%
function _ZNSt3__119__unwrap_range_implIPPN7testing17TestEventListenerES4_E8__unwrapB8ne180100ES4_S4_ called 0 returned 0% blocks executed 0%
function _ZNSt3__119__unwrap_range_implINS_16reverse_iteratorIPPN7testing11EnvironmentEEES6_E8__unwrapB8ne180100ES6_S6_ called 0 returned 0% blocks executed 0%
function _ZNSt3__119__unwrap_range_implIPPN7testing9TestSuiteES4_E8__unwrapB8ne180100ES4_S4_ called 0 returned 0% blocks executed 0%
function _ZNSt3__119__unwrap_range_implINS_16reverse_iteratorIPPN7testing9TestSuiteEEES6_E8__unwrapB8ne180100ES6_S6_ called 1 returned 100% blocks executed 100%
function _ZNSt3__119__unwrap_range_implIPPN7testing8TestInfoES4_E8__unwrapB8ne180100ES4_S4_ called 0 returned 0% blocks executed 0%
function _ZNSt3__119__unwrap_range_implINS_32__unconstrained_reverse_iteratorIPPN7testing8TestInfoEEES6_E8__unwrapB8ne180100ES6_S6_ called 0 returned 0% blocks executed 0%
function _ZNSt3__119__unwrap_range_implINS_11__wrap_iterIPPN7testing8TestInfoEEES6_E8__unwrapB8ne180100ES6_S6_ called 0 returned 0% blocks executed 0%
       22:   64:  _LIBCPP_HIDE_FROM_ABI static constexpr auto __unwrap(_Iter __first, _Iter __last) {
       22:   65:    return pair{std::__unwrap_iter(std::move(__first)), std::__unwrap_iter(std::move(__last))};
    $$$$$:   65-block  0
       10:   65-block  1
        1:   65-block  2
    $$$$$:   65-block  3
    $$$$$:   65-block  4
    $$$$$:   65-block  5
    $$$$$:   65-block  6
    $$$$$:   65-block  7
    $$$$$:   65-block  8
    $$$$$:   65-block  9
        4:   65-block 10
        5:   65-block 11
        1:   65-block 12
    $$$$$:   65-block 13
    $$$$$:   65-block 14
    $$$$$:   65-block 15
        1:   65-block 16
    $$$$$:   65-block 17
    $$$$$:   65-block 18
    $$$$$:   65-block 19
        -:   66:  }
        -:   67:
        -:   68:  _LIBCPP_HIDE_FROM_ABI static constexpr auto
function _ZNSt3__119__unwrap_range_implINS_16reverse_iteratorIPPcEES4_E8__rewrapB8ne180100ES4_S4_ called 0 returned 0% blocks executed 0%
function _ZNSt3__119__unwrap_range_implIPKcS2_E8__rewrapB8ne180100ES2_S2_ called 10 returned 100% blocks executed 100%
function _ZNSt3__119__unwrap_range_implIPNS_12basic_stringIcNS_11char_traitsIcEENS_9allocatorIcEEEES7_E8__rewrapB8ne180100ES7_S7_ called 0 returned 0% blocks executed 0%
function _ZNSt3__119__unwrap_range_implINS_11__wrap_iterIPNS_12basic_stringIcNS_11char_traitsIcEENS_9allocatorIcEEEEEES9_E8__rewrapB8ne180100ES9_S8_ called 0 returned 0% blocks executed 0%
function _ZNSt3__119__unwrap_range_implIPdS1_E8__rewrapB8ne180100ES1_S1_ called 0 returned 0% blocks executed 0%
function _ZNSt3__119__unwrap_range_implIPN7testing8internal13edit_distance8EditTypeES5_E8__rewrapB8ne180100ES5_S5_ called 0 returned 0% blocks executed 0%
function _ZNSt3__119__unwrap_range_implINS_16reverse_iteratorIPN7testing8internal13edit_distance8EditTypeEEES7_E8__rewrapB8ne180100ES7_S7_ called 0 returned 0% blocks executed 0%
function _ZNSt3__119__unwrap_range_implINS_16reverse_iteratorIPmEES3_E8__rewrapB8ne180100ES3_S3_ called 0 returned 0% blocks executed 0%
function _ZNSt3__119__unwrap_range_implINS_16reverse_iteratorIPPN7testing8TestInfoEEES6_E8__rewrapB8ne180100ES6_S6_ called 4 returned 100% blocks executed 100%
function _ZNSt3__119__unwrap_range_implINS_16reverse_iteratorIPiEES3_E8__rewrapB8ne180100ES3_S3_ called 5 returned 100% blocks executed 100%
function _ZNSt3__119__unwrap_range_implINS_16reverse_iteratorIPPN7testing17TestEventListenerEEES6_E8__rewrapB8ne180100ES6_S6_ called 1 returned 100% blocks executed 100%
function _ZNSt3__119__unwrap_range_implIPPN7testing17TestEventListenerES4_E8__rewrapB8ne180100ES4_S4_ called 0 returned 0% blocks executed 0%
function _ZNSt3__119__unwrap_range_implINS_16reverse_iteratorIPPN7testing11EnvironmentEEES6_E8__rewrapB8ne180100ES6_S6_ called 0 returned 0% blocks executed 0%
function _ZNSt3__119__unwrap_range_implIPPN7testing9TestSuiteES4_E8__rewrapB8ne180100ES4_S4_ called 0 returned 0% blocks executed 0%
function _ZNSt3__119__unwrap_range_implINS_16reverse_iteratorIPPN7testing9TestSuiteEEES6_E8__rewrapB8ne180100ES6_S6_ called 1 returned 100% blocks executed 100%
function _ZNSt3__119__unwrap_range_implIPPN7testing8TestInfoES4_E8__rewrapB8ne180100ES4_S4_ called 0 returned 0% blocks executed 0%
function _ZNSt3__119__unwrap_range_implINS_32__unconstrained_reverse_iteratorIPPN7testing8TestInfoEEES6_E8__rewrapB8ne180100ES6_S6_ called 0 returned 0% blocks executed 0%
function _ZNSt3__119__unwrap_range_implINS_11__wrap_iterIPPN7testing8TestInfoEEES6_E8__rewrapB8ne180100ES6_S5_ called 0 returned 0% blocks executed 0%
       21:   69:  __rewrap(_Iter __orig_iter, decltype(std::__unwrap_iter(__orig_iter)) __iter) {
       21:   70:    return std::__rewrap_iter(std::move(__orig_iter), std::move(__iter));
    $$$$$:   70-block  0
       10:   70-block  1
    $$$$$:   70-block  2
    $$$$$:   70-block  3
    $$$$$:   70-block  4
    $$$$$:   70-block  5
    $$$$$:   70-block  6
    $$$$$:   70-block  7
        4:   70-block  8
        5:   70-block  9
        1:   70-block 10
    $$$$$:   70-block 11
    $$$$$:   70-block 12
    $$$$$:   70-block 13
        1:   70-block 14
    $$$$$:   70-block 15
    $$$$$:   70-block 16
    $$$$$:   70-block 17
        -:   71:  }
        -:   72:};
        -:   73:
        -:   74:template <class _Iter, class _Sent>
function _ZNSt3__114__unwrap_rangeB8ne180100INS_16reverse_iteratorIPPcEES4_EEDaT_T0_ called 0 returned 0% blocks executed 0%
function _ZNSt3__114__unwrap_rangeB8ne180100IPKcS2_EEDaT_T0_ called 10 returned 100% blocks executed 100%
function _ZNSt3__114__unwrap_rangeB8ne180100IPNS_12basic_stringIcNS_11char_traitsIcEENS_9allocatorIcEEEES7_EEDaT_T0_ called 1 returned 100% blocks executed 100%
function _ZNSt3__114__unwrap_rangeB8ne180100INS_11__wrap_iterIPKNS_12basic_stringIcNS_11char_traitsIcEENS_9allocatorIcEEEEEESA_EEDaT_T0_ called 0 returned 0% blocks executed 0%
function _ZNSt3__114__unwrap_rangeB8ne180100INS_11__wrap_iterIPNS_12basic_stringIcNS_11char_traitsIcEENS_9allocatorIcEEEEEES9_EEDaT_T0_ called 0 returned 0% blocks executed 0%
function _ZNSt3__114__unwrap_rangeB8ne180100IPdS1_EEDaT_T0_ called 0 returned 0% blocks executed 0%
function _ZNSt3__114__unwrap_rangeB8ne180100IPN7testing8internal13edit_distance8EditTypeES5_EEDaT_T0_ called 0 returned 0% blocks executed 0%
function _ZNSt3__114__unwrap_rangeB8ne180100INS_16reverse_iteratorIPN7testing8internal13edit_distance8EditTypeEEES7_EEDaT_T0_ called 0 returned 0% blocks executed 0%
function _ZNSt3__114__unwrap_rangeB8ne180100INS_16reverse_iteratorIPmEES3_EEDaT_T0_ called 0 returned 0% blocks executed 0%
function _ZNSt3__114__unwrap_rangeB8ne180100IPKPKcS4_EEDaT_T0_ called 0 returned 0% blocks executed 0%
function _ZNSt3__114__unwrap_rangeB8ne180100INS_16reverse_iteratorIPPN7testing8TestInfoEEES6_EEDaT_T0_ called 4 returned 100% blocks executed 100%
function _ZNSt3__114__unwrap_rangeB8ne180100INS_16reverse_iteratorIPiEES3_EEDaT_T0_ called 5 returned 100% blocks executed 100%
function _ZNSt3__114__unwrap_rangeB8ne180100INS_16reverse_iteratorIPPN7testing17TestEventListenerEEES6_EEDaT_T0_ called 1 returned 100% blocks executed 100%
function _ZNSt3__114__unwrap_rangeB8ne180100IPPN7testing17TestEventListenerES4_EEDaT_T0_ called 0 returned 0% blocks executed 0%
function _ZNSt3__114__unwrap_rangeB8ne180100INS_16reverse_iteratorIPPN7testing11EnvironmentEEES6_EEDaT_T0_ called 0 returned 0% blocks executed 0%
function _ZNSt3__114__unwrap_rangeB8ne180100IPPN7testing9TestSuiteES4_EEDaT_T0_ called 0 returned 0% blocks executed 0%
function _ZNSt3__114__unwrap_rangeB8ne180100INS_16reverse_iteratorIPPN7testing9TestSuiteEEES6_EEDaT_T0_ called 1 returned 100% blocks executed 100%
function _ZNSt3__114__unwrap_rangeB8ne180100IPPN7testing8TestInfoES4_EEDaT_T0_ called 0 returned 0% blocks executed 0%
function _ZNSt3__114__unwrap_rangeB8ne180100INS_32__unconstrained_reverse_iteratorIPPN7testing8TestInfoEEES6_EEDaT_T0_ called 0 returned 0% blocks executed 0%
function _ZNSt3__114__unwrap_rangeB8ne180100INS_11__wrap_iterIPPN7testing8TestInfoEEES6_EEDaT_T0_ called 0 returned 0% blocks executed 0%
       22:   75:_LIBCPP_HIDE_FROM_ABI constexpr auto __unwrap_range(_Iter __first, _Sent __last) {
       22:   76:  return __unwrap_range_impl<_Iter, _Sent>::__unwrap(std::move(__first), std::move(__last));
    $$$$$:   76-block  0
       10:   76-block  1
        1:   76-block  2
    $$$$$:   76-block  3
    $$$$$:   76-block  4
    $$$$$:   76-block  5
    $$$$$:   76-block  6
    $$$$$:   76-block  7
    $$$$$:   76-block  8
    $$$$$:   76-block  9
        4:   76-block 10
        5:   76-block 11
        1:   76-block 12
    $$$$$:   76-block 13
    $$$$$:   76-block 14
    $$$$$:   76-block 15
        1:   76-block 16
    $$$$$:   76-block 17
    $$$$$:   76-block 18
    $$$$$:   76-block 19
        -:   77:}
        -:   78:
        -:   79:template < class _Sent, class _Iter, class _Unwrapped>
function _ZNSt3__114__rewrap_rangeB8ne180100INS_16reverse_iteratorIPPcEES4_S4_EET0_S5_T1_ called 0 returned 0% blocks executed 0%
function _ZNSt3__114__rewrap_rangeB8ne180100IPKcS2_S2_EET0_S3_T1_ called 10 returned 100% blocks executed 100%
function _ZNSt3__114__rewrap_rangeB8ne180100INS_11__wrap_iterIPNS_12basic_stringIcNS_11char_traitsIcEENS_9allocatorIcEEEEEES9_S8_EET0_SA_T1_ called 0 returned 0% blocks executed 0%
function _ZNSt3__114__rewrap_rangeB8ne180100IPNS_12basic_stringIcNS_11char_traitsIcEENS_9allocatorIcEEEES7_S7_EET0_S8_T1_ called 0 returned 0% blocks executed 0%
function _ZNSt3__114__rewrap_rangeB8ne180100IPdS1_S1_EET0_S2_T1_ called 0 returned 0% blocks executed 0%
function _ZNSt3__114__rewrap_rangeB8ne180100IPN7testing8internal13edit_distance8EditTypeES5_S5_EET0_S6_T1_ called 0 returned 0% blocks executed 0%
function _ZNSt3__114__rewrap_rangeB8ne180100INS_16reverse_iteratorIPN7testing8internal13edit_distance8EditTypeEEES7_S7_EET0_S8_T1_ called 0 returned 0% blocks executed 0%
function _ZNSt3__114__rewrap_rangeB8ne180100INS_16reverse_iteratorIPmEES3_S3_EET0_S4_T1_ called 0 returned 0% blocks executed 0%
function _ZNSt3__114__rewrap_rangeB8ne180100INS_16reverse_iteratorIPPN7testing8TestInfoEEES6_S6_EET0_S7_T1_ called 4 returned 100% blocks executed 100%
function _ZNSt3__114__rewrap_rangeB8ne180100INS_16reverse_iteratorIPiEES3_S3_EET0_S4_T1_ called 5 returned 100% blocks executed 100%
function _ZNSt3__114__rewrap_rangeB8ne180100INS_16reverse_iteratorIPPN7testing17TestEventListenerEEES6_S6_EET0_S7_T1_ called 1 returned 100% blocks executed 100%
function _ZNSt3__114__rewrap_rangeB8ne180100IPPN7testing17TestEventListenerES4_S4_EET0_S5_T1_ called 0 returned 0% blocks executed 0%
function _ZNSt3__114__rewrap_rangeB8ne180100INS_16reverse_iteratorIPPN7testing11EnvironmentEEES6_S6_EET0_S7_T1_ called 0 returned 0% blocks executed 0%
function _ZNSt3__114__rewrap_rangeB8ne180100IPPN7testing9TestSuiteES4_S4_EET0_S5_T1_ called 0 returned 0% blocks executed 0%
function _ZNSt3__114__rewrap_rangeB8ne180100INS_16reverse_iteratorIPPN7testing9TestSuiteEEES6_S6_EET0_S7_T1_ called 1 returned 100% blocks executed 100%
function _ZNSt3__114__rewrap_rangeB8ne180100IPPN7testing8TestInfoES4_S4_EET0_S5_T1_ called 0 returned 0% blocks executed 0%
function _ZNSt3__114__rewrap_rangeB8ne180100INS_32__unconstrained_reverse_iteratorIPPN7testing8TestInfoEEES6_S6_EET0_S7_T1_ called 0 returned 0% blocks executed 0%
function _ZNSt3__114__rewrap_rangeB8ne180100INS_11__wrap_iterIPPN7testing8TestInfoEEES6_S5_EET0_S7_T1_ called 0 returned 0% blocks executed 0%
       21:   80:_LIBCPP_HIDE_FROM_ABI constexpr _Iter __rewrap_range(_Iter __orig_iter, _Unwrapped __iter) {
       21:   81:  return __unwrap_range_impl<_Iter, _Sent>::__rewrap(std::move(__orig_iter), std::move(__iter));
    $$$$$:   81-block  0
       10:   81-block  1
    $$$$$:   81-block  2
    $$$$$:   81-block  3
    $$$$$:   81-block  4
    $$$$$:   81-block  5
    $$$$$:   81-block  6
    $$$$$:   81-block  7
        4:   81-block  8
        5:   81-block  9
        1:   81-block 10
    $$$$$:   81-block 11
    $$$$$:   81-block 12
    $$$$$:   81-block 13
        1:   81-block 14
    $$$$$:   81-block 15
    $$$$$:   81-block 16
    $$$$$:   81-block 17
        -:   82:}
        -:   83:#else  // _LIBCPP_STD_VER >= 20
        -:   84:template <class _Iter, class _Unwrapped = decltype(std::__unwrap_iter(std::declval<_Iter>()))>
        -:   85:_LIBCPP_HIDE_FROM_ABI _LIBCPP_CONSTEXPR pair<_Unwrapped, _Unwrapped> __unwrap_range(_Iter __first, _Iter __last) {
        -:   86:  return std::make_pair(std::__unwrap_iter(std::move(__first)), std::__unwrap_iter(std::move(__last)));
        -:   87:}
        -:   88:
        -:   89:template <class _Iter, class _Unwrapped>
        -:   90:_LIBCPP_HIDE_FROM_ABI _LIBCPP_CONSTEXPR _Iter __rewrap_range(_Iter __orig_iter, _Unwrapped __iter) {
        -:   91:  return std::__rewrap_iter(std::move(__orig_iter), std::move(__iter));
        -:   92:}
        -:   93:#endif // _LIBCPP_STD_VER >= 20
        -:   94:
        -:   95:_LIBCPP_END_NAMESPACE_STD
        -:   96:
        -:   97:_LIBCPP_POP_MACROS
        -:   98:
        -:   99:#endif // _LIBCPP___ALGORITHM_UNWRAP_RANGE_H
