        -:    0:Source:/Users/doeshing/temp/untitled2/main.cpp
        -:    0:Graph:/Users/doeshing/temp/untitled2/cmake-build-default/CMakeFiles/untitled2.dir/main.cpp.gcno
        -:    0:Data:/Users/doeshing/temp/untitled2/cmake-build-default/CMakeFiles/untitled2.dir/main.cpp.gcda
        -:    0:Runs:1
        -:    0:Programs:1
        -:    1:#include <string>
        -:    2:#include <iostream>
        -:    3:#include <vector>
        -:    4:#include <algorithm>
        -:    5:#include <stdexcept>
        -:    6:
        -:    7:using namespace std;
        -:    8:
        1:    9:vector<string> config_type = {"plus", "sort"};
        1:    9-block  0
branch  0 taken 1
branch  1 taken 0
        1:    9-block  1
branch  2 taken 1
branch  3 taken 0
        1:    9-block  2
branch  4 taken 1
branch  5 taken 0
        1:    9-block  3
        1:    9-block  4
    $$$$$:    9-block  5
        1:    9-block  6
    $$$$$:    9-block  7
    $$$$$:    9-block  8
    $$$$$:    9-block  9
    $$$$$:    9-block 10
    $$$$$:    9-block 11
    $$$$$:    9-block 12
    $$$$$:    9-block 13
    $$$$$:    9-block 14
    $$$$$:    9-block 15
    $$$$$:    9-block 16
        -:   10:
function _Z8module_ARNSt3__16vectorIiNS_9allocatorIiEEEERKNS_12basic_stringIcNS_11char_traitsIcEENS1_IcEEEE called 1 returned 100% blocks executed 32%
        1:   11:int module_A(vector<int>& nums, const string& config) {
        1:   12:    if (find(config_type.begin(), config_type.end(), config) == config_type.end()) {
        1:   12-block  0
branch  0 taken 1
branch  1 taken 0
    #####:   13:        throw invalid_argument("ErrorConfig");
    $$$$$:   13-block  0
branch  0 never executed
branch  1 never executed
    $$$$$:   13-block  1
    $$$$$:   13-block  2
    $$$$$:   13-block  3
        -:   14:    }
        1:   15:    if (config == "plus") {
        1:   15-block  0
branch  0 taken 1
branch  1 taken 0
        1:   16:        int ans = 0;
        5:   17:        for (int num : nums) {
        1:   17-block  0
        5:   17-block  1
branch  0 taken 4
branch  1 taken 1
        4:   17-block  2
        4:   17-block  3
        4:   17-block  4
        4:   18:            ans += num;
        -:   19:        }
        1:   20:        return ans;
        1:   20-block  0
        -:   21:    }
    #####:   22:    if (config == "sort") {
    $$$$$:   22-block  0
branch  0 never executed
branch  1 never executed
    #####:   23:        int n = nums.size();
    #####:   24:        for (int i = 0; i < n - 1; ++i) {
    $$$$$:   24-block  0
    $$$$$:   24-block  1
branch  0 never executed
branch  1 never executed
    $$$$$:   24-block  2
    #####:   25:            for (int j = 0; j < n - i - 1; ++j) {
    $$$$$:   25-block  0
    $$$$$:   25-block  1
branch  0 never executed
branch  1 never executed
    $$$$$:   25-block  2
    #####:   26:                if (nums[j] > nums[j + 1]) {
    $$$$$:   26-block  0
branch  0 never executed
branch  1 never executed
    #####:   27:                    swap(nums[j], nums[j + 1]);
    #####:   28:                }
    $$$$$:   28-block  0
    #####:   29:            }
    $$$$$:   29-block  0
    #####:   30:        }
    $$$$$:   30-block  0
    #####:   31:        return 0;
    $$$$$:   31-block  0
        -:   32:    }
    #####:   33:    return 0;
    $$$$$:   33-block  0
        1:   34:}
        1:   34-block  0
