        -:    0:Source:/Users/doeshing/temp/untitled2/test.cpp
        -:    0:Graph:/Users/doeshing/temp/untitled2/cmake-build-default/CMakeFiles/untitled2.dir/test.cpp.gcno
        -:    0:Data:/Users/doeshing/temp/untitled2/cmake-build-default/CMakeFiles/untitled2.dir/test.cpp.gcda
        -:    0:Runs:1
        -:    0:Programs:1
        -:    1:#include "main.h"
        -:    2:#include "gtest/gtest.h"
        -:    3:
        -:    4:using namespace std;
        -:    5:
        -:    6:// 測試 "plus" 功能
function _ZN25ModuleATest_TestPlus_Test8TestBodyEv called 1 returned 100% blocks executed 33%
function _ZN25ModuleATest_TestPlus_TestD1Ev called 1 returned 100% blocks executed 100%
function _ZN25ModuleATest_TestPlus_TestD0Ev called 1 returned 100% blocks executed 100%
function _ZN25ModuleATest_TestPlus_TestC1Ev called 1 returned 100% blocks executed 100%
function _ZN25ModuleATest_TestPlus_TestC2Ev called 1 returned 100% blocks executed 100%
function _ZN25ModuleATest_TestPlus_TestD2Ev called 1 returned 100% blocks executed 100%
        7:    7:TEST(ModuleATest, TestPlus) {
        1:    7-block  0
branch  0 taken 1
branch  1 taken 0
        1:    7-block  1
branch  2 taken 1
branch  3 taken 0
        1:    7-block  2
branch  4 taken 1
branch  5 taken 0
        1:    7-block  3
branch  6 taken 1
branch  7 taken 0
        1:    7-block  4
branch  8 taken 1
branch  9 taken 0
        1:    7-block  5
branch 10 taken 1
branch 11 taken 0
        1:    7-block  6
branch 12 taken 1
branch 13 taken 0
        1:    7-block  7
branch 14 taken 1
branch 15 taken 0
        1:    7-block  8
    $$$$$:    7-block  9
    $$$$$:    7-block 10
    $$$$$:    7-block 11
    $$$$$:    7-block 12
    $$$$$:    7-block 13
    $$$$$:    7-block 14
    $$$$$:    7-block 15
    $$$$$:    7-block 16
        1:    7-block 17
        1:    7-block 18
        1:    7-block 19
        1:    7-block 20
        1:    7-block 21
        1:    8:    vector nums = {1, 2, 3, 4};
        1:    9:    EXPECT_EQ(module_A(nums, "plus"), 10);  // 測試總和是否為 10
        1:    9-block  0
branch  0 taken 1
branch  1 taken 0
        1:    9-block  1
branch  2 taken 1
branch  3 taken 0
        1:    9-block  2
branch  4 taken 1
branch  5 taken 0
        1:    9-block  3
branch  6 taken 1
branch  7 taken 0
        1:    9-block  4
branch  8 taken 0
branch  9 taken 1
        1:    9-block  5
    $$$$$:    9-block  6
    $$$$$:    9-block  7
branch 10 never executed
branch 11 never executed
    $$$$$:    9-block  8
branch 12 never executed
branch 13 never executed
    $$$$$:    9-block  9
branch 14 never executed
branch 15 never executed
    $$$$$:    9-block 10
branch 16 never executed
branch 17 never executed
    $$$$$:    9-block 11
    $$$$$:    9-block 12
    $$$$$:    9-block 13
    $$$$$:    9-block 14
        1:   10:}
    $$$$$:   10-block  0
    $$$$$:   10-block  1
    $$$$$:   10-block  2
        1:   10-block  3
    $$$$$:   10-block  4
    $$$$$:   10-block  5
        -:   11:
        -:   12:// 測試 "sort" 功能
function _ZN25ModuleATest_TestSort_Test8TestBodyEv called 0 returned 0% blocks executed 0%
function _ZN25ModuleATest_TestSort_TestD1Ev called 0 returned 0% blocks executed 0%
function _ZN25ModuleATest_TestSort_TestD0Ev called 0 returned 0% blocks executed 0%
function _ZN25ModuleATest_TestSort_TestC1Ev called 0 returned 0% blocks executed 0%
function _ZN25ModuleATest_TestSort_TestC2Ev called 0 returned 0% blocks executed 0%
function _ZN25ModuleATest_TestSort_TestD2Ev called 0 returned 0% blocks executed 0%
        1:   13:TEST(ModuleATest, TestSort) {
        1:   13-block  0
branch  0 taken 1
branch  1 taken 0
        1:   13-block  1
branch  2 taken 1
branch  3 taken 0
        1:   13-block  2
branch  4 taken 1
branch  5 taken 0
        1:   13-block  3
branch  6 taken 1
branch  7 taken 0
        1:   13-block  4
branch  8 taken 1
branch  9 taken 0
        1:   13-block  5
branch 10 taken 1
branch 11 taken 0
        1:   13-block  6
branch 12 taken 1
branch 13 taken 0
        1:   13-block  7
branch 14 taken 1
branch 15 taken 0
        1:   13-block  8
    $$$$$:   13-block  9
    $$$$$:   13-block 10
    $$$$$:   13-block 11
    $$$$$:   13-block 12
    $$$$$:   13-block 13
    $$$$$:   13-block 14
    $$$$$:   13-block 15
    $$$$$:   13-block 16
    $$$$$:   13-block 17
    $$$$$:   13-block 18
    $$$$$:   13-block 19
    $$$$$:   13-block 20
    $$$$$:   13-block 21
    #####:   14:    vector nums = {4, 2, 1, 3};
    #####:   15:    module_A(nums, "sort");
    $$$$$:   15-block  0
branch  0 never executed
branch  1 never executed
    $$$$$:   15-block  1
branch  2 never executed
branch  3 never executed
    $$$$$:   15-block  2
    #####:   16:    const vector expected = {1, 2, 3, 4};  // 預期結果
    $$$$$:   16-block  0
branch  0 never executed
branch  1 never executed
    #####:   17:    EXPECT_EQ(nums, expected);  // 測試排序後的數列是否正確
    $$$$$:   17-block  0
branch  0 never executed
branch  1 never executed
    $$$$$:   17-block  1
branch  2 never executed
branch  3 never executed
    $$$$$:   17-block  2
branch  4 never executed
branch  5 never executed
    $$$$$:   17-block  3
    $$$$$:   17-block  4
branch  6 never executed
branch  7 never executed
    $$$$$:   17-block  5
branch  8 never executed
branch  9 never executed
    $$$$$:   17-block  6
branch 10 never executed
branch 11 never executed
    $$$$$:   17-block  7
branch 12 never executed
branch 13 never executed
    $$$$$:   17-block  8
    $$$$$:   17-block  9
    $$$$$:   17-block 10
    $$$$$:   17-block 11
    #####:   18:}
    $$$$$:   18-block  0
    $$$$$:   18-block  1
    $$$$$:   18-block  2
    $$$$$:   18-block  3
    $$$$$:   18-block  4
    $$$$$:   18-block  5
    $$$$$:   18-block  6
    $$$$$:   18-block  7
        -:   19:
        -:   20:// ����不合法的 config
function _ZN34ModuleATest_TestInvalidConfig_Test8TestBodyEv called 0 returned 0% blocks executed 0%
function _ZN34ModuleATest_TestInvalidConfig_TestD1Ev called 0 returned 0% blocks executed 0%
function _ZN34ModuleATest_TestInvalidConfig_TestD0Ev called 0 returned 0% blocks executed 0%
function _ZN34ModuleATest_TestInvalidConfig_TestC1Ev called 0 returned 0% blocks executed 0%
function _ZN34ModuleATest_TestInvalidConfig_TestC2Ev called 0 returned 0% blocks executed 0%
function _ZN34ModuleATest_TestInvalidConfig_TestD2Ev called 0 returned 0% blocks executed 0%
        1:   21:TEST(ModuleATest, TestInvalidConfig) {
        1:   21-block  0
branch  0 taken 1
branch  1 taken 0
        1:   21-block  1
branch  2 taken 1
branch  3 taken 0
        1:   21-block  2
branch  4 taken 1
branch  5 taken 0
        1:   21-block  3
branch  6 taken 1
branch  7 taken 0
        1:   21-block  4
branch  8 taken 1
branch  9 taken 0
        1:   21-block  5
branch 10 taken 1
branch 11 taken 0
        1:   21-block  6
branch 12 taken 1
branch 13 taken 0
        1:   21-block  7
branch 14 taken 1
branch 15 taken 0
        1:   21-block  8
    $$$$$:   21-block  9
    $$$$$:   21-block 10
    $$$$$:   21-block 11
    $$$$$:   21-block 12
    $$$$$:   21-block 13
    $$$$$:   21-block 14
    $$$$$:   21-block 15
    $$$$$:   21-block 16
    $$$$$:   21-block 17
    $$$$$:   21-block 18
    $$$$$:   21-block 19
    $$$$$:   21-block 20
    $$$$$:   21-block 21
    #####:   22:    vector nums = {1, 2, 3};
    #####:   23:    EXPECT_THROW(module_A(nums, "unknown"), std::invalid_argument);  // 測試是否丟出錯誤
    $$$$$:   23-block  0
branch  0 never executed
branch  1 never executed
    $$$$$:   23-block  1
branch  2 never executed
branch  3 never executed
    $$$$$:   23-block  2
branch  4 never executed
branch  5 never executed
    $$$$$:   23-block  3
branch  6 never executed
branch  7 never executed
    $$$$$:   23-block  4
branch  8 never executed
branch  9 never executed
    $$$$$:   23-block  5
branch 10 never executed
branch 11 never executed
    $$$$$:   23-block  6
    $$$$$:   23-block  7
    $$$$$:   23-block  8
branch 12 never executed
branch 13 never executed
    $$$$$:   23-block  9
branch 14 never executed
branch 15 never executed
    $$$$$:   23-block 10
    $$$$$:   23-block 11
branch 16 never executed
branch 17 never executed
    $$$$$:   23-block 12
branch 18 never executed
branch 19 never executed
    $$$$$:   23-block 13
    $$$$$:   23-block 14
branch 20 never executed
branch 21 never executed
    $$$$$:   23-block 15
branch 22 never executed
branch 23 never executed
    $$$$$:   23-block 16
branch 24 never executed
branch 25 never executed
    $$$$$:   23-block 17
branch 26 never executed
branch 27 never executed
    $$$$$:   23-block 18
branch 28 never executed
branch 29 never executed
    $$$$$:   23-block 19
branch 30 never executed
branch 31 never executed
    $$$$$:   23-block 20
branch 32 never executed
branch 33 never executed
    $$$$$:   23-block 21
branch 34 never executed
branch 35 never executed
    $$$$$:   23-block 22
branch 36 never executed
branch 37 never executed
    $$$$$:   23-block 23
branch 38 never executed
branch 39 never executed
    $$$$$:   23-block 24
    $$$$$:   23-block 25
branch 40 never executed
branch 41 never executed
    $$$$$:   23-block 26
    $$$$$:   23-block 27
    $$$$$:   23-block 28
branch 42 never executed
branch 43 never executed
    $$$$$:   23-block 29
    $$$$$:   23-block 30
    $$$$$:   23-block 31
    $$$$$:   23-block 32
branch 44 never executed
branch 45 never executed
    $$$$$:   23-block 33
branch 46 never executed
branch 47 never executed
    $$$$$:   23-block 34
branch 48 never executed
branch 49 never executed
    $$$$$:   23-block 35
    $$$$$:   23-block 36
    $$$$$:   23-block 37
    $$$$$:   23-block 38
    #####:   24:}
    $$$$$:   24-block  0
    $$$$$:   24-block  1
    $$$$$:   24-block  2
    $$$$$:   24-block  3
    $$$$$:   24-block  4
    $$$$$:   24-block  5
    $$$$$:   24-block  6
        -:   25:
        -:   26:// 空數列
function _ZN30ModuleATest_TestEmptyList_Test8TestBodyEv called 0 returned 0% blocks executed 0%
function _ZN30ModuleATest_TestEmptyList_TestD1Ev called 0 returned 0% blocks executed 0%
function _ZN30ModuleATest_TestEmptyList_TestD0Ev called 0 returned 0% blocks executed 0%
function _ZN30ModuleATest_TestEmptyList_TestC1Ev called 0 returned 0% blocks executed 0%
function _ZN30ModuleATest_TestEmptyList_TestC2Ev called 0 returned 0% blocks executed 0%
function _ZN30ModuleATest_TestEmptyList_TestD2Ev called 0 returned 0% blocks executed 0%
        1:   27:TEST(ModuleATest, TestEmptyList) {
        1:   27-block  0
branch  0 taken 1
branch  1 taken 0
        1:   27-block  1
branch  2 taken 1
branch  3 taken 0
        1:   27-block  2
branch  4 taken 1
branch  5 taken 0
        1:   27-block  3
branch  6 taken 1
branch  7 taken 0
        1:   27-block  4
branch  8 taken 1
branch  9 taken 0
        1:   27-block  5
branch 10 taken 1
branch 11 taken 0
        1:   27-block  6
branch 12 taken 1
branch 13 taken 0
        1:   27-block  7
branch 14 taken 1
branch 15 taken 0
        1:   27-block  8
    $$$$$:   27-block  9
    $$$$$:   27-block 10
    $$$$$:   27-block 11
    $$$$$:   27-block 12
    $$$$$:   27-block 13
    $$$$$:   27-block 14
    $$$$$:   27-block 15
    $$$$$:   27-block 16
    $$$$$:   27-block 17
    $$$$$:   27-block 18
    $$$$$:   27-block 19
    $$$$$:   27-block 20
    $$$$$:   27-block 21
    #####:   28:    vector<int> nums = {};
    #####:   29:    EXPECT_EQ(module_A(nums, "plus"), 0);  // 測試空數列的總和應為 0
    $$$$$:   29-block  0
branch  0 never executed
branch  1 never executed
    $$$$$:   29-block  1
branch  2 never executed
branch  3 never executed
    $$$$$:   29-block  2
branch  4 never executed
branch  5 never executed
    $$$$$:   29-block  3
branch  6 never executed
branch  7 never executed
    $$$$$:   29-block  4
branch  8 never executed
branch  9 never executed
    $$$$$:   29-block  5
    $$$$$:   29-block  6
    $$$$$:   29-block  7
branch 10 never executed
branch 11 never executed
    $$$$$:   29-block  8
branch 12 never executed
branch 13 never executed
    $$$$$:   29-block  9
branch 14 never executed
branch 15 never executed
    $$$$$:   29-block 10
branch 16 never executed
branch 17 never executed
    $$$$$:   29-block 11
    $$$$$:   29-block 12
    $$$$$:   29-block 13
    $$$$$:   29-block 14
    #####:   30:    module_A(nums, "sort");
    $$$$$:   30-block  0
branch  0 never executed
branch  1 never executed
    $$$$$:   30-block  1
branch  2 never executed
branch  3 never executed
    $$$$$:   30-block  2
    #####:   31:    EXPECT_TRUE(nums.empty());  // 測試空數列排序後仍為空
    $$$$$:   31-block  0
branch  0 never executed
branch  1 never executed
    $$$$$:   31-block  1
branch  2 never executed
branch  3 never executed
    $$$$$:   31-block  2
branch  4 never executed
branch  5 never executed
    $$$$$:   31-block  3
    $$$$$:   31-block  4
branch  6 never executed
branch  7 never executed
    $$$$$:   31-block  5
branch  8 never executed
branch  9 never executed
    $$$$$:   31-block  6
branch 10 never executed
branch 11 never executed
    $$$$$:   31-block  7
branch 12 never executed
branch 13 never executed
    $$$$$:   31-block  8
    $$$$$:   31-block  9
    $$$$$:   31-block 10
    $$$$$:   31-block 11
    $$$$$:   31-block 12
    #####:   32:}
    $$$$$:   32-block  0
    $$$$$:   32-block  1
    $$$$$:   32-block  2
    $$$$$:   32-block  3
    $$$$$:   32-block  4
    $$$$$:   32-block  5
    $$$$$:   32-block  6
    $$$$$:   32-block  7
    $$$$$:   32-block  8
